<?xml version="1.0" encoding="UTF-8"?>
<testng-results ignored="0" total="1" passed="1" failed="0" skipped="0">
  <reporter-output>
  </reporter-output>
  <suite started-at="2022-02-27T12:36:22 IST" name="Suite" finished-at="2022-02-27T12:36:43 IST" duration-ms="20932">
    <groups>
    </groups>
    <test started-at="2022-02-27T12:36:22 IST" name="Chrome" finished-at="2022-02-27T12:36:43 IST" duration-ms="20932">
      <class name="Test.Testloginpage">
        <test-method is-config="true" signature="LaunchBrowser(java.lang.String)[pri:0, instance:Test.Testloginpage@76508ed1]" started-at="2022-02-27T12:36:22 IST" name="LaunchBrowser" finished-at="2022-02-27T12:36:27 IST" duration-ms="4848" status="PASS">
          <params>
            <param index="0">
              <value>
                <![CDATA[Chrome]]>
              </value>
            </param>
          </params>
          <reporter-output>
          </reporter-output>
        </test-method> <!-- LaunchBrowser -->
        <test-method is-config="true" signature="initilizationpomclasses()[pri:0, instance:Test.Testloginpage@76508ed1]" started-at="2022-02-27T12:36:27 IST" name="initilizationpomclasses" finished-at="2022-02-27T12:36:27 IST" duration-ms="165" status="PASS">
          <reporter-output>
          </reporter-output>
        </test-method> <!-- initilizationpomclasses -->
        <test-method is-config="true" signature="loginpage()[pri:0, instance:Test.Testloginpage@76508ed1]" started-at="2022-02-27T12:36:27 IST" name="loginpage" finished-at="2022-02-27T12:36:41 IST" duration-ms="13576" status="PASS">
          <reporter-output>
          </reporter-output>
        </test-method> <!-- loginpage -->
        <test-method signature="signupPagdetails()[pri:0, instance:Test.Testloginpage@76508ed1]" started-at="2022-02-27T12:36:41 IST" name="signupPagdetails" finished-at="2022-02-27T12:36:42 IST" duration-ms="1593" status="PASS">
          <reporter-output>
          </reporter-output>
        </test-method> <!-- signupPagdetails -->
        <test-method is-config="true" signature="Clearobject()[pri:0, instance:Test.Testloginpage@76508ed1]" started-at="2022-02-27T12:36:42 IST" name="Clearobject" finished-at="2022-02-27T12:36:42 IST" duration-ms="2" status="PASS">
          <reporter-output>
          </reporter-output>
        </test-method> <!-- Clearobject -->
        <test-method is-config="true" signature="closeBrowser()[pri:0, instance:Test.Testloginpage@76508ed1]" started-at="2022-02-27T12:36:42 IST" name="closeBrowser" finished-at="2022-02-27T12:36:43 IST" duration-ms="619" status="PASS">
          <reporter-output>
          </reporter-output>
        </test-method> <!-- closeBrowser -->
      </class> <!-- Test.Testloginpage -->
    </test> <!-- Chrome -->
  </suite> <!-- Suite -->
</testng-results>
